<?xml version="1.0" encoding="UTF-8"?>
<testng-results ignored="0" total="1" passed="1" failed="0" skipped="0">
  <reporter-output>
  </reporter-output>
  <suite started-at="2025-06-08T14:39:31 IST" name="Default suite" finished-at="2025-06-08T14:39:44 IST" duration-ms="13956">
    <groups>
    </groups>
    <test started-at="2025-06-08T14:39:31 IST" name="Default test" finished-at="2025-06-08T14:39:44 IST" duration-ms="13956">
      <class name="Sauce_Demo.saucedemo.CheckoutFlowTest">
        <test-method is-config="true" signature="setUp()[pri:0, instance:Sauce_Demo.saucedemo.CheckoutFlowTest@3349e9bb]" started-at="2025-06-08T14:39:31 IST" name="setUp" finished-at="2025-06-08T14:39:35 IST" duration-ms="4217" status="PASS">
          <reporter-output>
          </reporter-output>
        </test-method> <!-- setUp -->
        <test-method signature="endToEndCheckoutValidation()[pri:0, instance:Sauce_Demo.saucedemo.CheckoutFlowTest@3349e9bb]" started-at="2025-06-08T14:39:35 IST" name="endToEndCheckoutValidation" finished-at="2025-06-08T14:39:44 IST" duration-ms="9467" status="PASS">
          <reporter-output>
          </reporter-output>
        </test-method> <!-- endToEndCheckoutValidation -->
        <test-method is-config="true" signature="tearDown()[pri:0, instance:Sauce_Demo.saucedemo.CheckoutFlowTest@3349e9bb]" started-at="2025-06-08T14:39:44 IST" name="tearDown" finished-at="2025-06-08T14:39:44 IST" duration-ms="225" status="PASS">
          <reporter-output>
          </reporter-output>
        </test-method> <!-- tearDown -->
      </class> <!-- Sauce_Demo.saucedemo.CheckoutFlowTest -->
    </test> <!-- Default test -->
  </suite> <!-- Default suite -->
</testng-results>
